  main.cpp
C:\Skole\C++\Chess_cmake\Chess_3\Chess_3\main.cpp(31,33): warning C4244: 'argument': conversion from 'int' to 'T', possible loss of data
C:\Skole\C++\Chess_cmake\Chess_3\Chess_3\main.cpp(31,33): warning C4244:         with
C:\Skole\C++\Chess_cmake\Chess_3\Chess_3\main.cpp(31,33): warning C4244:         [
C:\Skole\C++\Chess_cmake\Chess_3\Chess_3\main.cpp(31,33): warning C4244:             T=float
C:\Skole\C++\Chess_cmake\Chess_3\Chess_3\main.cpp(31,33): warning C4244:         ]
C:\Skole\C++\Chess_cmake\Chess_3\Chess_3\main.cpp(31,23): warning C4244: 'argument': conversion from 'int' to 'T', possible loss of data
C:\Skole\C++\Chess_cmake\Chess_3\Chess_3\main.cpp(31,23): warning C4244:         with
C:\Skole\C++\Chess_cmake\Chess_3\Chess_3\main.cpp(31,23): warning C4244:         [
C:\Skole\C++\Chess_cmake\Chess_3\Chess_3\main.cpp(31,23): warning C4244:             T=float
C:\Skole\C++\Chess_cmake\Chess_3\Chess_3\main.cpp(31,23): warning C4244:         ]
C:\Skole\C++\Chess_cmake\Chess_3\Chess_3\main.cpp(84,49): warning C4244: 'argument': conversion from 'size_t' to 'float', possible loss of data
C:\Skole\C++\Chess_cmake\Chess_3\Chess_3\main.cpp(84,39): warning C4244: 'argument': conversion from 'size_t' to 'float', possible loss of data
C:\Skole\C++\Chess_cmake\Chess_3\Chess_3\main.cpp(153,33): warning C4267: '=': conversion from 'size_t' to 'int', possible loss of data
C:\Skole\C++\Chess_cmake\Chess_3\Chess_3\main.cpp(168,77): warning C4244: 'argument': conversion from 'int' to 'T', possible loss of data
C:\Skole\C++\Chess_cmake\Chess_3\Chess_3\main.cpp(168,77): warning C4244:         with
C:\Skole\C++\Chess_cmake\Chess_3\Chess_3\main.cpp(168,77): warning C4244:         [
C:\Skole\C++\Chess_cmake\Chess_3\Chess_3\main.cpp(168,77): warning C4244:             T=float
C:\Skole\C++\Chess_cmake\Chess_3\Chess_3\main.cpp(168,77): warning C4244:         ]
C:\Skole\C++\Chess_cmake\Chess_3\Chess_3\main.cpp(168,53): warning C4244: 'argument': conversion from 'int' to 'T', possible loss of data
C:\Skole\C++\Chess_cmake\Chess_3\Chess_3\main.cpp(168,53): warning C4244:         with
C:\Skole\C++\Chess_cmake\Chess_3\Chess_3\main.cpp(168,53): warning C4244:         [
C:\Skole\C++\Chess_cmake\Chess_3\Chess_3\main.cpp(168,53): warning C4244:             T=float
C:\Skole\C++\Chess_cmake\Chess_3\Chess_3\main.cpp(168,53): warning C4244:         ]
  Chess_3.vcxproj -> C:\Skole\C++\Chess_cmake\Chess_3\Chess_3\x64\Debug\Chess_3.exe
  'pwsh.exe' is not recognized as an internal or external command,
  operable program or batch file.
